

> @0xintuition/data-populator@0.1.0 build /Users/metasudo/workspace/intution/code/intuition-ts/apps/data-populator
> remix vite:build --emptyOutDir

[36mvite v5.2.13 [32mbuilding for production...[36m[39m
[33m
[1m  ⚠️  Source maps are enabled in production
[22m     This makes your server code publicly
     visible in the browser. This is highly
     discouraged! If you insist, ensure that
     you are using environment variables for
     secrets and not hard-coding them in
     your source code.
[39m
[2K[1Gtransforming (1) [2mapp/entry.client.tsx[22m[2K[1Gtransforming (36) [2m../../node_modules/.pnpm/@web3-storage+multipart-parser@1.0.0/node_moBrowserslist: caniuse-lite is outdated. Please run:
  npx update-browserslist-db@latest
  Why you should do it regularly: https://github.com/browserslist/update-db#readme
[2K[1Gtransforming (73) [2m../../node_modules/.pnpm/react-router-dom@6.23.1_react-dom@18.3.1_rea[2K[1Gtransforming (80) [2m../../node_modules/.pnpm/remix-utils@7.6.0_@remix-run+node@2.9.2_type[2K[1G[2K[1G[2K[1G[2K[1G[2K[1G[2K[1G[2K[1G[2K[1G[2K[1G[2K[1G[2K[1G[2K[1G[2K[1G[2K[1G[2K[1G[2K[1G[2K[1G[2K[1G[2K[1G[2K[1G[2K[1G[2K[1G[2K[1G[2K[1G[2K[1G[2K[1G[2K[1G[2K[1G[2K[1G[2K[1G[2K[1G[2K[1G[2K[1G[2K[1G[2K[1G[2K[1G[2K[1G[2K[1G[2K[1G[2K[1G[2K[1G[2K[1G[2K[1G[2K[1G[2K[1G[2K[1G[2K[1G[2K[1G[2K[1G[2K[1Gtransforming (147) [2m../../node_modules/.pnpm/wagmi@2.10.0_@tanstack+query-core@5.45.0_@t[2K[1G[2K[1G[2K[1G[2K[1G[2K[1G[2K[1G[2K[1G[2K[1G[2K[1G[2K[1G[2K[1Gtransforming (198) [2m../../node_modules/.pnpm/@wagmi+core@2.11.0_@tanstack+query-core@5.4[2K[1G[2K[1G[2K[1G[2K[1G[2K[1G[2K[1G[2K[1G[2K[1G[2K[1G[2K[1G[2K[1G[2K[1G[2K[1G[2K[1G[2K[1Gtransforming (310) [2m../../node_modules/.pnpm/@wagmi+core@2.11.0_@tanstack+query-core@5.4[2K[1G../../node_modules/.pnpm/@tanstack+react-query@5.45.0_react@18.3.1/node_modules/@tanstack/react-query/build/modern/useSuspenseQuery.js (1:0): Error when using sourcemap for reporting an error: Can't resolve original location of error.
[2K[1G[2K[1Gtransforming (344) [2mapp/.client/privy-logout-button.tsx[22m[2K[1Gtransforming (361) [2m../../node_modules/.pnpm/viem@2.21.27_bufferutil@4.0.8_typescript@5.[2K[1Gtransforming (430) [2m../../node_modules/.pnpm/viem@2.21.27_bufferutil@4.0.8_typescript@5.[2K[1G[2K[1Gtransforming (545) [2m../../node_modules/.pnpm/viem@2.21.27_bufferutil@4.0.8_typescript@5.[2K[1G../../node_modules/.pnpm/@tanstack+react-query@5.45.0_react@18.3.1/node_modules/@tanstack/react-query/build/modern/useBaseQuery.js (1:0): Error when using sourcemap for reporting an error: Can't resolve original location of error.
[2K[1G[2K[1Gtransforming (575) [2m../../node_modules/.pnpm/viem@2.21.27_bufferutil@4.0.8_typescript@5.[2K[1Gtransforming (878) [2m../../node_modules/.pnpm/viem@2.21.27_bufferutil@4.0.8_typescript@5.[2K[1Gtransforming (1134) [2m../../node_modules/.pnpm/lucide-react@0.441.0_react@18.3.1/node_mod[2K[1Gtransforming (1143) [2m../../node_modules/.pnpm/lucide-react@0.441.0_react@18.3.1/node_mod[2K[1Gtransforming (1583) [2m../../node_modules/.pnpm/lucide-react@0.441.0_react@18.3.1/node_mod[2K[1Gtransforming (2042) [2m../../node_modules/.pnpm/lucide-react@0.441.0_react@18.3.1/node_mod[2K[1Gtransforming (2499) [2m../../node_modules/.pnpm/lucide-react@0.441.0_react@18.3.1/node_mod[2K[1G[2K[1Gtransforming (2726) [2m../../node_modules/.pnpm/tinycolor2@1.6.0/node_modules/tinycolor2/e[2K[1Gtransforming (2782) [2m../../node_modules/.pnpm/@heroicons+react@2.1.3_react@18.3.1/node_m[2K[1G[2K[1G[2K[1G[2K[1G[2K[1G[2K[1Gtransforming (2827) [2m../../packages/1ui/src/components/Accordion/Accordion.tsx[22m[2K[1G../../packages/1ui/src/components/Button/Button.tsx (1:0): Error when using sourcemap for reporting an error: Can't resolve original location of error.
[2K[1G[2K[1G../../packages/1ui/src/components/Claim/Claim.tsx (1:0): Error when using sourcemap for reporting an error: Can't resolve original location of error.
[2K[1G[2K[1G../../packages/1ui/src/components/Copy/Copy.tsx (1:0): Error when using sourcemap for reporting an error: Can't resolve original location of error.
[2K[1G[2K[1Gtransforming (2885) [2m../../node_modules/.pnpm/viem@2.22.6_bufferutil@4.0.8_typescript@5.[2K[1G../../packages/1ui/src/components/Icon/Icon.tsx (1:0): Error when using sourcemap for reporting an error: Can't resolve original location of error.
[2K[1G[2K[1Gtransforming (3046) [2m../../node_modules/.pnpm/viem@2.22.6_bufferutil@4.0.8_typescript@5.[2K[1Gtransforming (3166) [2m../../node_modules/.pnpm/viem@2.22.6_bufferutil@4.0.8_typescript@5.[2K[1Gtransforming (3496) [2m../../node_modules/.pnpm/viem@2.22.6_bufferutil@4.0.8_typescript@5.[2K[1G[2K[1G[2K[1G[2K[1G[2K[1G[2K[1G[2K[1G[2K[1G[2K[1G[2K[1G[2K[1G[2K[1G[2K[1G[2K[1G[2K[1G[2K[1G[2K[1Gtransforming (3738) [2m../../node_modules/.pnpm/viem@2.21.27_bufferutil@4.0.8_typescript@5[2K[1G[2K[1Gtransforming (3794) [2m../../node_modules/.pnpm/@headlessui+react@1.7.19_react-dom@18.3.1_[2K[1G[2K[1G[2K[1Gtransforming (3825) [2m../../node_modules/.pnpm/@noble+hashes@1.8.0/node_modules/@noble/ha[2K[1G[2K[1G[2K[1G[2K[1Gtransforming (3927) [2m../../node_modules/.pnpm/viem@2.22.6_bufferutil@4.0.8_typescript@5.[2K[1G[2K[1G[2K[1G[2K[1G[2K[1Gtransforming (4027) [2m../../node_modules/.pnpm/viem@2.21.27_bufferutil@4.0.8_typescript@5[2K[1G[2K[1G[2K[1G[2K[1Gtransforming (4098) [2m../../node_modules/.pnpm/uint8arrays@3.1.0/node_modules/uint8arrays[2K[1Gtransforming (4194) [2m../../node_modules/.pnpm/stylis@4.3.2/node_modules/stylis/src/Utili[2K[1G[2K[1G[2K[1G[2K[1Gtransforming (4252) [2m../../node_modules/.pnpm/@noble+hashes@1.6.0/node_modules/@noble/ha[2K[1Gtransforming (4275) [2m../../node_modules/.pnpm/webauthn-p256@0.0.10/node_modules/webauthn[2K[1G[2K[1G[2K[1G[2K[1G[2K[1G[2K[1Gtransforming (4336) [2m../../node_modules/.pnpm/jose@4.15.5/node_modules/jose/dist/browser[2K[1Gtransforming (4424) [2m../../node_modules/.pnpm/@lit+reactive-element@1.6.3/node_modules/@[2K[1G[2K[1G[2K[1G[2K[1G[2K[1G[2K[1G[2K[1G[2K[1G[2K[1G[2K[1G../../node_modules/.pnpm/ox@0.6.0_typescript@5.4.5_zod@3.23.8/node_modules/ox/_esm/core/Json.js (1:21): A comment

"/*#__PURE__*/"

in "../../node_modules/.pnpm/ox@0.6.0_typescript@5.4.5_zod@3.23.8/node_modules/ox/_esm/core/Json.js" contains an annotation that Rollup cannot interpret due to the position of the comment. The comment will be removed to avoid issues.
[2K[1Gtransforming (4519) [2m../../node_modules/.pnpm/@ethersproject+random@5.7.0/node_modules/@[2K[1Gtransforming (4559) [2m../../node_modules/.pnpm/@stablelib+sha256@1.0.1/node_modules/@stab[2K[1Gtransforming (4657) [2m../../node_modules/.pnpm/@floating-ui+dom@1.6.5/node_modules/@float[2K[1Gtransforming (4773) [2m../../node_modules/.pnpm/@motionone+dom@10.18.0/node_modules/@motio[2K[1Gtransforming (4879) [2m../../node_modules/.pnpm/multiformats@9.9.0/node_modules/multiforma[2K[1Gtransforming (4958) [2m../../node_modules/.pnpm/viem@1.21.4_bufferutil@4.0.8_typescript@5.[2K[1Gtransforming (5070) [2m../../node_modules/.pnpm/@coinbase+wallet-sdk@4.0.3/node_modules/@c[2K[1Gtransforming (5174) [2m../../node_modules/.pnpm/sha.js@2.4.11/node_modules/sha.js/index.js[2K[1Gtransforming (5340) [2m../../node_modules/.pnpm/@coinbase+wallet-sdk@3.9.3_supports-color@[2K[1Gtransforming (5474) [2m../../node_modules/.pnpm/semver@7.6.3/node_modules/semver/internal/[2K[1Gtransforming (6084) [2m../../node_modules/.pnpm/semver@7.6.3/node_modules/semver/classes/c[2K[1G[2K[1G[2K[1G[2K[1G[2K[1G[2K[1G[2K[1G[2K[1G[2K[1G[2K[1G[2K[1G[2K[1G[2K[1G[2K[1G[2K[1G[2K[1G[2K[1G[2K[1G[2K[1G[2K[1G[2K[1G[2K[1G[2K[1G[2K[1G[2K[1G[2K[1G[2K[1G[2K[1G[2K[1G[2K[1G[2K[1G[2K[1G[2K[1G[2K[1G[2K[1G[2K[1G[2K[1G[2K[1G[2K[1G[2K[1G[2K[1G[2K[1G[2K[1G[2K[1G[2K[1G[2K[1G[2K[1G[2K[1G[2K[1G[2K[1G[2K[1G[2K[1G[2K[1G[2K[1G[2K[1G[2K[1G[2K[1G[2K[1G[2K[1G[2K[1G[2K[1G[2K[1G[2K[1G[2K[1G[2K[1G[2K[1G[2K[1G[2K[1G[2K[1G[2K[1G[2K[1G[2K[1G[2K[1G[2K[1G[32m✓[39m 6564 modules transformed.
[2K[1GGenerated an empty chunk: "api.csv-editor".
[2K[1GGenerated an empty chunk: "logout".
[2K[1GGenerated an empty chunk: "set-theme".
[2K[1GGenerated an empty chunk: "get-request-details".
[2K[1GGenerated an empty chunk: "get-vault-details".
[2K[1Grendering chunks (1)...[2K[1Grendering chunks (2)...[2K[1Grendering chunks (3)...[2K[1Grendering chunks (4)...[2K[1Grendering chunks (5)...[2K[1Grendering chunks (6)...[2K[1Grendering chunks (7)...[2K[1Grendering chunks (8)...[2K[1Grendering chunks (9)...[2K[1Grendering chunks (10)...[2K[1Grendering chunks (11)...[2K[1Grendering chunks (12)...[2K[1Grendering chunks (13)...[2K[1Grendering chunks (14)...[2K[1Grendering chunks (15)...[2K[1Grendering chunks (16)...[2K[1Grendering chunks (17)...[2K[1Grendering chunks (18)...[2K[1Grendering chunks (19)...[2K[1Grendering chunks (20)...[2K[1Grendering chunks (21)...[2K[1Grendering chunks (22)...[2K[1Grendering chunks (23)...[2K[1Grendering chunks (24)...[2K[1Grendering chunks (25)...[2K[1Grendering chunks (26)...[2K[1Grendering chunks (27)...[2K[1Grendering chunks (28)...[2K[1G[2K[1Gcomputing gzip size (0)...[2K[1Gcomputing gzip size (1)...[2K[1Gcomputing gzip size (2)...[2K[1Gcomputing gzip size (3)...[2K[1Gcomputing gzip size (4)...[2K[1Gcomputing gzip size (5)...[2K[1Gcomputing gzip size (6)...[2K[1Gcomputing gzip size (7)...[2K[1Gcomputing gzip size (8)...[2K[1Gcomputing gzip size (9)...[2K[1Gcomputing gzip size (10)...[2K[1Gcomputing gzip size (11)...[2K[1Gcomputing gzip size (12)...[2K[1Gcomputing gzip size (13)...[2K[1Gcomputing gzip size (14)...[2K[1Gcomputing gzip size (15)...[2K[1Gcomputing gzip size (16)...[2K[1Gcomputing gzip size (17)...[2K[1Gcomputing gzip size (18)...[2K[1Gcomputing gzip size (19)...[2K[1Gcomputing gzip size (20)...[2K[1Gcomputing gzip size (21)...[2K[1Gcomputing gzip size (22)...[2K[1Gcomputing gzip size (23)...[2K[1Gcomputing gzip size (24)...[2K[1Gcomputing gzip size (25)...[2K[1Gcomputing gzip size (26)...[2K[1Gcomputing gzip size (27)...[2K[1Gcomputing gzip size (28)...[2K[1Gcomputing gzip size (29)...[2K[1Gcomputing gzip size (30)...[2K[1Gcomputing gzip size (31)...[2K[1Gcomputing gzip size (32)...[2K[1G[2mbuild/client/[22m[32m.vite/manifest.json                     [39m[1m[2m   12.79 kB[22m[1m[22m[2m │ gzip:   1.68 kB[22m
[2mbuild/client/[22m[2massets/[22m[32mderp-face-3-Cyj-TJjN.png         [39m[1m[2m   16.52 kB[22m[1m[22m
[2mbuild/client/[22m[2massets/[22m[32mderp-face-12-CqS0hZt8.jpg        [39m[1m[2m   42.84 kB[22m[1m[22m
[2mbuild/client/[22m[2massets/[22m[32mderp-face-9-AQz6Rjh1.png         [39m[1m[2m   48.90 kB[22m[1m[22m
[2mbuild/client/[22m[2massets/[22m[32mderp-face-5-BPJHXUht.png         [39m[1m[2m   50.32 kB[22m[1m[22m
[2mbuild/client/[22m[2massets/[22m[32mderp-face-10-ZCk1F3ZU.png        [39m[1m[2m   57.34 kB[22m[1m[22m
[2mbuild/client/[22m[2massets/[22m[32mderp-face-6-Cd6m1bwZ.png         [39m[1m[2m   63.50 kB[22m[1m[22m
[2mbuild/client/[22m[2massets/[22m[32mderp-face-2-CvG-djBU.png         [39m[1m[2m   68.63 kB[22m[1m[22m
[2mbuild/client/[22m[2massets/[22m[32mderp-face-8-DM2ODXdU.png         [39m[1m[2m   75.21 kB[22m[1m[22m
[2mbuild/client/[22m[2massets/[22m[32mderp-face-4-b2Pc5WcC.png         [39m[1m[2m  102.06 kB[22m[1m[22m
[2mbuild/client/[22m[2massets/[22m[32mderp-face-7-cw00rubl.png         [39m[1m[2m  102.19 kB[22m[1m[22m
[2mbuild/client/[22m[2massets/[22m[32mIcon.sprites-yN1d1xFs.svg        [39m[1m[2m  106.53 kB[22m[1m[22m[2m │ gzip:  27.38 kB[22m
[2mbuild/client/[22m[2massets/[22m[32mderp-face-1-CD5AHlv3.png         [39m[1m[2m  220.47 kB[22m[1m[22m
[2mbuild/client/[22m[2massets/[22m[32mderp-face-11-DNGTAx1f.png        [39m[1m[2m  326.90 kB[22m[1m[22m
[2mbuild/client/[22m[2massets/[22m[35mroot-BNSJNbcY.css                [39m[1m[2m   71.69 kB[22m[1m[22m[2m │ gzip:  11.25 kB[22m
[2mbuild/client/[22m[2massets/[22m[35mindex-DTSBdSjW.css               [39m[1m[2m   71.94 kB[22m[1m[22m[2m │ gzip:  11.26 kB[22m
[2mbuild/client/[22m[2massets/[22m[36mlogout-l0sNRNKZ.js               [39m[1m[2m    0.05 kB[22m[1m[22m[2m │ gzip:   0.07 kB[22m[2m │ map:     0.10 kB[22m
[2mbuild/client/[22m[2massets/[22m[36mset-theme-l0sNRNKZ.js            [39m[1m[2m    0.05 kB[22m[1m[22m[2m │ gzip:   0.07 kB[22m[2m │ map:     0.10 kB[22m
[2mbuild/client/[22m[2massets/[22m[36mapi.csv-editor-l0sNRNKZ.js       [39m[1m[2m    0.05 kB[22m[1m[22m[2m │ gzip:   0.07 kB[22m[2m │ map:     0.11 kB[22m
[2mbuild/client/[22m[2massets/[22m[36mget-vault-details-l0sNRNKZ.js    [39m[1m[2m    0.06 kB[22m[1m[22m[2m │ gzip:   0.08 kB[22m[2m │ map:     0.11 kB[22m
[2mbuild/client/[22m[2massets/[22m[36mget-request-details-l0sNRNKZ.js  [39m[1m[2m    0.06 kB[22m[1m[22m[2m │ gzip:   0.08 kB[22m[2m │ map:     0.11 kB[22m
[2mbuild/client/[22m[2massets/[22m[36m_index-B_aj7I_9.js               [39m[1m[2m    0.08 kB[22m[1m[22m[2m │ gzip:   0.10 kB[22m[2m │ map:     1.03 kB[22m
[2mbuild/client/[22m[2massets/[22m[36mlogger-CuX0KjFR.js               [39m[1m[2m    0.08 kB[22m[1m[22m[2m │ gzip:   0.10 kB[22m[2m │ map:     0.46 kB[22m
[2mbuild/client/[22m[2massets/[22m[36mclient-only-B_lPQVl7.js          [39m[1m[2m    0.32 kB[22m[1m[22m[2m │ gzip:   0.24 kB[22m[2m │ map:     2.51 kB[22m
[2mbuild/client/[22m[2massets/[22m[36museDisconnect-B6lT4wM-.js        [39m[1m[2m    1.43 kB[22m[1m[22m[2m │ gzip:   0.70 kB[22m[2m │ map:     7.91 kB[22m
[2mbuild/client/[22m[2massets/[22m[36mccip-edEJf76l.js                 [39m[1m[2m    2.61 kB[22m[1m[22m[2m │ gzip:   1.26 kB[22m[2m │ map:     9.85 kB[22m
[2mbuild/client/[22m[2massets/[22m[36mccip-CnAHBiU5.js                 [39m[1m[2m    2.68 kB[22m[1m[22m[2m │ gzip:   1.31 kB[22m[2m │ map:     9.67 kB[22m
[2mbuild/client/[22m[2massets/[22m[36mplayground-yb8EI-lh.js           [39m[1m[2m    3.16 kB[22m[1m[22m[2m │ gzip:   1.43 kB[22m[2m │ map:    13.76 kB[22m
[2mbuild/client/[22m[2massets/[22m[36mutils-kXpk0G4_.js                [39m[1m[2m    3.27 kB[22m[1m[22m[2m │ gzip:   1.45 kB[22m[2m │ map:    15.63 kB[22m
[2mbuild/client/[22m[2massets/[22m[36mimage-BAHZVQ_a.js                [39m[1m[2m    4.31 kB[22m[1m[22m[2m │ gzip:   1.77 kB[22m[2m │ map:    17.95 kB[22m
[2mbuild/client/[22m[2massets/[22m[36mindex-RgRXXzcQ.js                [39m[1m[2m    7.50 kB[22m[1m[22m[2m │ gzip:   2.58 kB[22m[2m │ map:    22.35 kB[22m
[2mbuild/client/[22m[2massets/[22m[36mlogin-C6I_BWRs.js                [39m[1m[2m   10.43 kB[22m[1m[22m[2m │ gzip:   4.72 kB[22m[2m │ map:    17.13 kB[22m
[2mbuild/client/[22m[2massets/[22m[36mapp-BWh3kvXg.js                  [39m[1m[2m   10.94 kB[22m[1m[22m[2m │ gzip:   3.83 kB[22m[2m │ map:    38.31 kB[22m
[2mbuild/client/[22m[2massets/[22m[36mentry.client-BLo-aGrh.js         [39m[1m[2m   11.64 kB[22m[1m[22m[2m │ gzip:   4.11 kB[22m[2m │ map:    56.83 kB[22m
[2mbuild/client/[22m[2massets/[22m[36mindex-ME6IymIh.js                [39m[1m[2m   12.91 kB[22m[1m[22m[2m │ gzip:   4.84 kB[22m[2m │ map:    38.53 kB[22m
[2mbuild/client/[22m[2massets/[22m[36mindex-B1L131PV.js                [39m[1m[2m   27.34 kB[22m[1m[22m[2m │ gzip:   9.36 kB[22m[2m │ map:   117.02 kB[22m
[2mbuild/client/[22m[2massets/[22m[36mindex-CiKiBCJu.js                [39m[1m[2m  111.98 kB[22m[1m[22m[2m │ gzip:  34.28 kB[22m[2m │ map:   238.89 kB[22m
[2mbuild/client/[22m[2massets/[22m[36mroot-iRUqCrbk.js                 [39m[1m[2m  112.39 kB[22m[1m[22m[2m │ gzip:  40.77 kB[22m[2m │ map:   426.37 kB[22m
[2mbuild/client/[22m[2massets/[22m[36museUserWallet-Co8MH-Zj.js        [39m[1m[2m  151.27 kB[22m[1m[22m[2m │ gzip:  49.51 kB[22m[2m │ map:   825.73 kB[22m
[2mbuild/client/[22m[2massets/[22m[36msmart-wallets-CDrGQMv-.js        [39m[1m[2m  170.87 kB[22m[1m[22m[2m │ gzip:  43.03 kB[22m[2m │ map:   718.78 kB[22m
[2mbuild/client/[22m[2massets/[22m[36mindex.browser.esm-BMW3arc5.js    [39m[1m[2m  224.41 kB[22m[1m[22m[2m │ gzip:  65.20 kB[22m[2m │ map: 1,064.52 kB[22m
[2mbuild/client/[22m[2massets/[22m[36mcomponents-Czbnk7UI.js           [39m[1m[2m  237.37 kB[22m[1m[22m[2m │ gzip:  76.47 kB[22m[2m │ map:   897.44 kB[22m
[2mbuild/client/[22m[2massets/[22m[36mindex-7J6oOdK8.js                [39m[1m[33m  904.81 kB[39m[22m[2m │ gzip: 289.34 kB[22m[2m │ map: 3,987.65 kB[22m
[2mbuild/client/[22m[2massets/[22m[36mindex-C3Q4CV3Y.js                [39m[1m[33m1,941.95 kB[39m[22m[2m │ gzip: 604.16 kB[22m[2m │ map: 5,086.45 kB[22m
[33m
(!) Some chunks are larger than 500 kB after minification. Consider:
- Using dynamic import() to code-split the application
- Use build.rollupOptions.output.manualChunks to improve chunking: https://rollupjs.org/configuration-options/#output-manualchunks
- Adjust chunk size limit for this warning via build.chunkSizeWarningLimit.[39m
[32m✓ built in 14.39s[39m
[36mvite v5.2.13 [32mbuilding SSR bundle for production...[36m[39m
[2K[1Gtransforming (1) [2m virtual:remix/server-build[22m[2K[1Gtransforming (14) [2mapp/.server/csv-editor.tsx[22m[2K[1Gtransforming (18) [2mapp/styles/globals.css[22m[2K[1G[2K[1G[2K[1G[2K[1G[2K[1G[2K[1G[2K[1G[2K[1G[2K[1G[2K[1G[2K[1G[2K[1G[2K[1G[2K[1G[2K[1G[2K[1G[2K[1G[2K[1G[2K[1G[2K[1G[2K[1G[2K[1G[2K[1G[2K[1G[2K[1G[2K[1G[2K[1G[2K[1G[2K[1G[2K[1G[2K[1G[2K[1G[2K[1G[2K[1G[2K[1G[2K[1G[2K[1G[2K[1G[2K[1G[2K[1G[2K[1G[2K[1G[2K[1G[2K[1G[2K[1G[2K[1G[2K[1G[2K[1G[2K[1G[2K[1G[2K[1G[2K[1G[2K[1G[2K[1G[2K[1G[2K[1G[2K[1G[2K[1G[2K[1G[2K[1G[2K[1G[2K[1Gtransforming (190) [2mapp/lib/services/populate.ts[22m[2K[1Gtransforming (253) [2mapp/.client/useBatchCreateAtom.tsx[22m[2K[1Gtransforming (272) [2mapp/consts/errors.ts[22m[2K[1G../../packages/1ui/src/components/Button/Button.tsx (1:0): Error when using sourcemap for reporting an error: Can't resolve original location of error.
[2K[1G[2K[1Gtransforming (424) [2m../../packages/1ui/src/components/Command/Command.tsx[22m[2K[1G../../packages/1ui/src/components/Copy/Copy.tsx (1:0): Error when using sourcemap for reporting an error: Can't resolve original location of error.
[2K[1G[2K[1G[2K[1G../../packages/1ui/src/components/Claim/Claim.tsx (1:0): Error when using sourcemap for reporting an error: Can't resolve original location of error.
[2K[1G[2K[1G../../packages/1ui/src/components/Icon/Icon.tsx (1:0): Error when using sourcemap for reporting an error: Can't resolve original location of error.
[2K[1G[2K[1G[2K[1G[2K[1G[2K[1G[2K[1G[2K[1G[2K[1G[2K[1G[2K[1Gtransforming (534) [2m../../node_modules/.pnpm/@radix-ui+react-use-size@1.0.1_@types+react[2K[1G[2K[1G[2K[1G[2K[1G[2K[1G[2K[1G[2K[1G[2K[1G[2K[1Gtransforming (659) [2m../../node_modules/.pnpm/@radix-ui+react-tabs@1.1.0_@types+react-dom[2K[1G[2K[1G[2K[1G[2K[1G[2K[1G[2K[1G[2K[1G[2K[1G[2K[1G[2K[1G[2K[1G[2K[1G[2K[1G[2K[1G[2K[1G[2K[1G[2K[1G[2K[1G[2K[1G[2K[1G[2K[1G[2K[1G[2K[1G[2K[1G[2K[1G[2K[1G[2K[1G[2K[1G[2K[1G[2K[1G[2K[1G[2K[1G[2K[1G[2K[1G[2K[1G[2K[1G[2K[1G[2K[1G[2K[1G[2K[1G[2K[1G[2K[1G[2K[1G[2K[1G[2K[1G[2K[1G[2K[1G[2K[1G[32m✓[39m 682 modules transformed.
[2K[1Grendering chunks (1)...[2K[1G[2K[1G[2mbuild/server/[22m[32m.vite/manifest.json               [39m[1m[2m    2.48 kB[22m[1m[22m
[2mbuild/server/[22m[2massets/[22m[32mderp-face-3-Cyj-TJjN.png   [39m[1m[2m   16.52 kB[22m[1m[22m
[2mbuild/server/[22m[2massets/[22m[32mderp-face-12-CqS0hZt8.jpg  [39m[1m[2m   42.84 kB[22m[1m[22m
[2mbuild/server/[22m[2massets/[22m[32mderp-face-9-AQz6Rjh1.png   [39m[1m[2m   48.90 kB[22m[1m[22m
[2mbuild/server/[22m[2massets/[22m[32mderp-face-5-BPJHXUht.png   [39m[1m[2m   50.32 kB[22m[1m[22m
[2mbuild/server/[22m[2massets/[22m[32mderp-face-10-ZCk1F3ZU.png  [39m[1m[2m   57.34 kB[22m[1m[22m
[2mbuild/server/[22m[2massets/[22m[32mderp-face-6-Cd6m1bwZ.png   [39m[1m[2m   63.50 kB[22m[1m[22m
[2mbuild/server/[22m[2massets/[22m[32mderp-face-2-CvG-djBU.png   [39m[1m[2m   68.63 kB[22m[1m[22m
[2mbuild/server/[22m[2massets/[22m[32mderp-face-8-DM2ODXdU.png   [39m[1m[2m   75.21 kB[22m[1m[22m
[2mbuild/server/[22m[2massets/[22m[32mderp-face-4-b2Pc5WcC.png   [39m[1m[2m  102.06 kB[22m[1m[22m
[2mbuild/server/[22m[2massets/[22m[32mderp-face-7-cw00rubl.png   [39m[1m[2m  102.19 kB[22m[1m[22m
[2mbuild/server/[22m[2massets/[22m[32mIcon.sprites-yN1d1xFs.svg  [39m[1m[2m  106.53 kB[22m[1m[22m
[2mbuild/server/[22m[2massets/[22m[32mderp-face-1-CD5AHlv3.png   [39m[1m[2m  220.47 kB[22m[1m[22m
[2mbuild/server/[22m[2massets/[22m[32mderp-face-11-DNGTAx1f.png  [39m[1m[2m  326.90 kB[22m[1m[22m
[2mbuild/server/[22m[2massets/[22m[35mserver-build-BUhUmVep.css  [39m[1m[2m   72.06 kB[22m[1m[22m
[2mbuild/server/[22m[36mindex.js                          [39m[1m[33m1,083.55 kB[39m[22m[2m │ map: 2,174.76 kB[22m
[32m✓ built in 1.99s[39m
