

> @0xintuition/protocol@1.0.0-alpha.0 build /Users/metasudo/workspace/intution/code/intuition-ts/packages/protocol
> tsup

[34mCLI[39m Building entry: src/index.ts
[34mCLI[39m Using tsconfig: tsconfig.json
[34mCLI[39m tsup v6.7.0
[34mCLI[39m Using tsup config: /Users/metasudo/workspace/intution/code/intuition-ts/packages/protocol/tsup.config.ts
[34mCLI[39m Target: esnext
[34mCLI[39m Cleaning output folder
[34mCJS[39m Build start
[34mESM[39m Build start
[32mESM[39m [1mdist/index.mjs     [22m[32m141.24 KB[39m
[32mESM[39m [1mdist/index.mjs.map [22m[32m214.95 KB[39m
[32mESM[39m ⚡️ Build success in 199ms
[32mCJS[39m [1mdist/index.js     [22m[32m142.26 KB[39m
[32mCJS[39m [1mdist/index.js.map [22m[32m214.95 KB[39m
[32mCJS[39m ⚡️ Build success in 199ms
[34mDTS[39m Build start
[32mDTS[39m ⚡️ Build success in 2526ms
[32mDTS[39m [1mdist/index.d.ts [22m[32m503.20 KB[39m
